
*** Running vivado
    with args -log RegFile.vds -m64 -product Vivado -mode batch -messageDb vivado.pb -notrace -source RegFile.tcl



****** Vivado v2022.1 (64-bit)
  **** SW Build 3526262 on Mon Apr 18 15:48:16 MDT 2022
  **** IP Build 3524634 on Mon Apr 18 20:55:01 MDT 2022
    ** Copyright 1986-2022 Xilinx, Inc. All Rights Reserved.

source RegFile.tcl -notrace
Command: synth_design -top RegFile -part xc7a100tcsg324-1
Starting synth_design
Attempting to get a license for feature 'Synthesis' and/or device 'xc7a100t'
INFO: [Common 17-349] Got license for feature 'Synthesis' and/or device 'xc7a100t'
INFO: [Synth 8-7079] Multithreading enabled for synth_design using a maximum of 2 processes.
INFO: [Synth 8-7078] Launching helper process for spawning children vivado processes
INFO: [Synth 8-7075] Helper process launched with PID 12660
---------------------------------------------------------------------------------
Starting Synthesize : Time (s): cpu = 00:00:04 ; elapsed = 00:00:05 . Memory (MB): peak = 1283.965 ; gain = 0.000
---------------------------------------------------------------------------------
INFO: [Synth 8-6157] synthesizing module 'RegFile' [C:/Users/mokhtarsalem/srcs/RegFile.v:23]
INFO: [Synth 8-6157] synthesizing module 'Nreg' [C:/Users/mokhtarsalem/srcs/RegFile.v:94]
INFO: [Synth 8-6157] synthesizing module 'DFlipFlop' [C:/Users/mokhtarsalem/srcs/RegFile.v:68]
INFO: [Synth 8-6155] done synthesizing module 'DFlipFlop' (0#1) [C:/Users/mokhtarsalem/srcs/RegFile.v:68]
INFO: [Synth 8-6155] done synthesizing module 'Nreg' (0#1) [C:/Users/mokhtarsalem/srcs/RegFile.v:94]
INFO: [Synth 8-6155] done synthesizing module 'RegFile' (0#1) [C:/Users/mokhtarsalem/srcs/RegFile.v:23]
---------------------------------------------------------------------------------
Finished Synthesize : Time (s): cpu = 00:00:06 ; elapsed = 00:00:06 . Memory (MB): peak = 1283.965 ; gain = 0.000
---------------------------------------------------------------------------------
---------------------------------------------------------------------------------
Finished Constraint Validation : Time (s): cpu = 00:00:06 ; elapsed = 00:00:07 . Memory (MB): peak = 1283.965 ; gain = 0.000
---------------------------------------------------------------------------------
---------------------------------------------------------------------------------
Start Loading Part and Timing Information
---------------------------------------------------------------------------------
Loading part: xc7a100tcsg324-1
---------------------------------------------------------------------------------
Finished Loading Part and Timing Information : Time (s): cpu = 00:00:06 ; elapsed = 00:00:07 . Memory (MB): peak = 1283.965 ; gain = 0.000
---------------------------------------------------------------------------------
INFO: [Device 21-403] Loading part xc7a100tcsg324-1
---------------------------------------------------------------------------------
Finished RTL Optimization Phase 2 : Time (s): cpu = 00:00:07 ; elapsed = 00:00:07 . Memory (MB): peak = 1283.965 ; gain = 0.000
---------------------------------------------------------------------------------
No constraint files found.
---------------------------------------------------------------------------------
Start RTL Component Statistics 
---------------------------------------------------------------------------------
Detailed RTL Component Info : 
+---Registers : 
	                1 Bit    Registers := 1024  
+---Muxes : 
	   2 Input    1 Bit        Muxes := 1024  
---------------------------------------------------------------------------------
Finished RTL Component Statistics 
---------------------------------------------------------------------------------
---------------------------------------------------------------------------------
Start Part Resource Summary
---------------------------------------------------------------------------------
Part Resources:
DSPs: 240 (col length:80)
BRAMs: 270 (col length: RAMB18 80 RAMB36 40)
---------------------------------------------------------------------------------
Finished Part Resource Summary
---------------------------------------------------------------------------------
No constraint files found.
---------------------------------------------------------------------------------
Start Cross Boundary and Area Optimization
---------------------------------------------------------------------------------
WARNING: [Synth 8-7080] Parallel synthesis criteria is not met
---------------------------------------------------------------------------------
Finished Cross Boundary and Area Optimization : Time (s): cpu = 00:00:13 ; elapsed = 00:00:14 . Memory (MB): peak = 1283.965 ; gain = 0.000
---------------------------------------------------------------------------------
No constraint files found.
---------------------------------------------------------------------------------
Start Timing Optimization
---------------------------------------------------------------------------------
---------------------------------------------------------------------------------
Finished Timing Optimization : Time (s): cpu = 00:00:13 ; elapsed = 00:00:15 . Memory (MB): peak = 1283.965 ; gain = 0.000
---------------------------------------------------------------------------------
---------------------------------------------------------------------------------
Start Technology Mapping
---------------------------------------------------------------------------------
---------------------------------------------------------------------------------
Finished Technology Mapping : Time (s): cpu = 00:00:14 ; elapsed = 00:00:15 . Memory (MB): peak = 1283.965 ; gain = 0.000
---------------------------------------------------------------------------------
---------------------------------------------------------------------------------
Start IO Insertion
---------------------------------------------------------------------------------
---------------------------------------------------------------------------------
Start Flattening Before IO Insertion
---------------------------------------------------------------------------------
---------------------------------------------------------------------------------
Finished Flattening Before IO Insertion
---------------------------------------------------------------------------------
---------------------------------------------------------------------------------
Start Final Netlist Cleanup
---------------------------------------------------------------------------------
---------------------------------------------------------------------------------
Finished Final Netlist Cleanup
---------------------------------------------------------------------------------
---------------------------------------------------------------------------------
Finished IO Insertion : Time (s): cpu = 00:00:19 ; elapsed = 00:00:20 . Memory (MB): peak = 1283.965 ; gain = 0.000
---------------------------------------------------------------------------------
---------------------------------------------------------------------------------
Start Renaming Generated Instances
---------------------------------------------------------------------------------
---------------------------------------------------------------------------------
Finished Renaming Generated Instances : Time (s): cpu = 00:00:19 ; elapsed = 00:00:20 . Memory (MB): peak = 1283.965 ; gain = 0.000
---------------------------------------------------------------------------------
---------------------------------------------------------------------------------
Start Rebuilding User Hierarchy
---------------------------------------------------------------------------------
---------------------------------------------------------------------------------
Finished Rebuilding User Hierarchy : Time (s): cpu = 00:00:19 ; elapsed = 00:00:20 . Memory (MB): peak = 1283.965 ; gain = 0.000
---------------------------------------------------------------------------------
---------------------------------------------------------------------------------
Start Renaming Generated Ports
---------------------------------------------------------------------------------
---------------------------------------------------------------------------------
Finished Renaming Generated Ports : Time (s): cpu = 00:00:19 ; elapsed = 00:00:20 . Memory (MB): peak = 1283.965 ; gain = 0.000
---------------------------------------------------------------------------------
---------------------------------------------------------------------------------
Start Handling Custom Attributes
---------------------------------------------------------------------------------
---------------------------------------------------------------------------------
Finished Handling Custom Attributes : Time (s): cpu = 00:00:19 ; elapsed = 00:00:20 . Memory (MB): peak = 1283.965 ; gain = 0.000
---------------------------------------------------------------------------------
---------------------------------------------------------------------------------
Start Renaming Generated Nets
---------------------------------------------------------------------------------
---------------------------------------------------------------------------------
Finished Renaming Generated Nets : Time (s): cpu = 00:00:19 ; elapsed = 00:00:20 . Memory (MB): peak = 1283.965 ; gain = 0.000
---------------------------------------------------------------------------------
---------------------------------------------------------------------------------
Start Writing Synthesis Report
---------------------------------------------------------------------------------

Report BlackBoxes: 
+-+--------------+----------+
| |BlackBox name |Instances |
+-+--------------+----------+
+-+--------------+----------+

Report Cell Usage: 
+------+------+------+
|      |Cell  |Count |
+------+------+------+
|1     |BUFG  |     1|
|2     |LUT6  |   608|
|3     |MUXF7 |   256|
|4     |FDCE  |  1024|
|5     |IBUF  |    50|
|6     |OBUF  |    64|
+------+------+------+

Report Instance Areas: 
+------+----------------------+---------------+------+
|      |Instance              |Module         |Cells |
+------+----------------------+---------------+------+
|1     |top                   |               |  2003|
|2     |  \genblk1[0].regis   |Nreg           |    33|
|3     |    \genblk1[0].mdl   |DFlipFlop_1022 |     1|
|4     |    \genblk1[10].mdl  |DFlipFlop_1023 |     1|
|5     |    \genblk1[11].mdl  |DFlipFlop_1024 |     1|
|6     |    \genblk1[12].mdl  |DFlipFlop_1025 |     1|
|7     |    \genblk1[13].mdl  |DFlipFlop_1026 |     1|
|8     |    \genblk1[14].mdl  |DFlipFlop_1027 |     1|
|9     |    \genblk1[15].mdl  |DFlipFlop_1028 |     1|
|10    |    \genblk1[16].mdl  |DFlipFlop_1029 |     1|
|11    |    \genblk1[17].mdl  |DFlipFlop_1030 |     1|
|12    |    \genblk1[18].mdl  |DFlipFlop_1031 |     1|
|13    |    \genblk1[19].mdl  |DFlipFlop_1032 |     1|
|14    |    \genblk1[1].mdl   |DFlipFlop_1033 |     1|
|15    |    \genblk1[20].mdl  |DFlipFlop_1034 |     1|
|16    |    \genblk1[21].mdl  |DFlipFlop_1035 |     1|
|17    |    \genblk1[22].mdl  |DFlipFlop_1036 |     1|
|18    |    \genblk1[23].mdl  |DFlipFlop_1037 |     1|
|19    |    \genblk1[24].mdl  |DFlipFlop_1038 |     1|
|20    |    \genblk1[25].mdl  |DFlipFlop_1039 |     1|
|21    |    \genblk1[26].mdl  |DFlipFlop_1040 |     1|
|22    |    \genblk1[27].mdl  |DFlipFlop_1041 |     1|
|23    |    \genblk1[28].mdl  |DFlipFlop_1042 |     1|
|24    |    \genblk1[29].mdl  |DFlipFlop_1043 |     1|
|25    |    \genblk1[2].mdl   |DFlipFlop_1044 |     1|
|26    |    \genblk1[30].mdl  |DFlipFlop_1045 |     1|
|27    |    \genblk1[31].mdl  |DFlipFlop_1046 |     2|
|28    |    \genblk1[3].mdl   |DFlipFlop_1047 |     1|
|29    |    \genblk1[4].mdl   |DFlipFlop_1048 |     1|
|30    |    \genblk1[5].mdl   |DFlipFlop_1049 |     1|
|31    |    \genblk1[6].mdl   |DFlipFlop_1050 |     1|
|32    |    \genblk1[7].mdl   |DFlipFlop_1051 |     1|
|33    |    \genblk1[8].mdl   |DFlipFlop_1052 |     1|
|34    |    \genblk1[9].mdl   |DFlipFlop_1053 |     1|
|35    |  \genblk1[10].regis  |Nreg_0         |    33|
|36    |    \genblk1[0].mdl   |DFlipFlop_990  |     1|
|37    |    \genblk1[10].mdl  |DFlipFlop_991  |     1|
|38    |    \genblk1[11].mdl  |DFlipFlop_992  |     1|
|39    |    \genblk1[12].mdl  |DFlipFlop_993  |     1|
|40    |    \genblk1[13].mdl  |DFlipFlop_994  |     1|
|41    |    \genblk1[14].mdl  |DFlipFlop_995  |     1|
|42    |    \genblk1[15].mdl  |DFlipFlop_996  |     1|
|43    |    \genblk1[16].mdl  |DFlipFlop_997  |     1|
|44    |    \genblk1[17].mdl  |DFlipFlop_998  |     1|
|45    |    \genblk1[18].mdl  |DFlipFlop_999  |     1|
|46    |    \genblk1[19].mdl  |DFlipFlop_1000 |     1|
|47    |    \genblk1[1].mdl   |DFlipFlop_1001 |     1|
|48    |    \genblk1[20].mdl  |DFlipFlop_1002 |     1|
|49    |    \genblk1[21].mdl  |DFlipFlop_1003 |     1|
|50    |    \genblk1[22].mdl  |DFlipFlop_1004 |     1|
|51    |    \genblk1[23].mdl  |DFlipFlop_1005 |     1|
|52    |    \genblk1[24].mdl  |DFlipFlop_1006 |     1|
|53    |    \genblk1[25].mdl  |DFlipFlop_1007 |     1|
|54    |    \genblk1[26].mdl  |DFlipFlop_1008 |     1|
|55    |    \genblk1[27].mdl  |DFlipFlop_1009 |     1|
|56    |    \genblk1[28].mdl  |DFlipFlop_1010 |     1|
|57    |    \genblk1[29].mdl  |DFlipFlop_1011 |     1|
|58    |    \genblk1[2].mdl   |DFlipFlop_1012 |     1|
|59    |    \genblk1[30].mdl  |DFlipFlop_1013 |     1|
|60    |    \genblk1[31].mdl  |DFlipFlop_1014 |     2|
|61    |    \genblk1[3].mdl   |DFlipFlop_1015 |     1|
|62    |    \genblk1[4].mdl   |DFlipFlop_1016 |     1|
|63    |    \genblk1[5].mdl   |DFlipFlop_1017 |     1|
|64    |    \genblk1[6].mdl   |DFlipFlop_1018 |     1|
|65    |    \genblk1[7].mdl   |DFlipFlop_1019 |     1|
|66    |    \genblk1[8].mdl   |DFlipFlop_1020 |     1|
|67    |    \genblk1[9].mdl   |DFlipFlop_1021 |     1|
|68    |  \genblk1[11].regis  |Nreg_1         |   161|
|69    |    \genblk1[0].mdl   |DFlipFlop_958  |     5|
|70    |    \genblk1[10].mdl  |DFlipFlop_959  |     5|
|71    |    \genblk1[11].mdl  |DFlipFlop_960  |     5|
|72    |    \genblk1[12].mdl  |DFlipFlop_961  |     5|
|73    |    \genblk1[13].mdl  |DFlipFlop_962  |     5|
|74    |    \genblk1[14].mdl  |DFlipFlop_963  |     5|
|75    |    \genblk1[15].mdl  |DFlipFlop_964  |     5|
|76    |    \genblk1[16].mdl  |DFlipFlop_965  |     5|
|77    |    \genblk1[17].mdl  |DFlipFlop_966  |     5|
|78    |    \genblk1[18].mdl  |DFlipFlop_967  |     5|
|79    |    \genblk1[19].mdl  |DFlipFlop_968  |     5|
|80    |    \genblk1[1].mdl   |DFlipFlop_969  |     5|
|81    |    \genblk1[20].mdl  |DFlipFlop_970  |     5|
|82    |    \genblk1[21].mdl  |DFlipFlop_971  |     5|
|83    |    \genblk1[22].mdl  |DFlipFlop_972  |     5|
|84    |    \genblk1[23].mdl  |DFlipFlop_973  |     5|
|85    |    \genblk1[24].mdl  |DFlipFlop_974  |     5|
|86    |    \genblk1[25].mdl  |DFlipFlop_975  |     5|
|87    |    \genblk1[26].mdl  |DFlipFlop_976  |     5|
|88    |    \genblk1[27].mdl  |DFlipFlop_977  |     5|
|89    |    \genblk1[28].mdl  |DFlipFlop_978  |     5|
|90    |    \genblk1[29].mdl  |DFlipFlop_979  |     5|
|91    |    \genblk1[2].mdl   |DFlipFlop_980  |     5|
|92    |    \genblk1[30].mdl  |DFlipFlop_981  |     5|
|93    |    \genblk1[31].mdl  |DFlipFlop_982  |     6|
|94    |    \genblk1[3].mdl   |DFlipFlop_983  |     5|
|95    |    \genblk1[4].mdl   |DFlipFlop_984  |     5|
|96    |    \genblk1[5].mdl   |DFlipFlop_985  |     5|
|97    |    \genblk1[6].mdl   |DFlipFlop_986  |     5|
|98    |    \genblk1[7].mdl   |DFlipFlop_987  |     5|
|99    |    \genblk1[8].mdl   |DFlipFlop_988  |     5|
|100   |    \genblk1[9].mdl   |DFlipFlop_989  |     5|
|101   |  \genblk1[12].regis  |Nreg_2         |    33|
|102   |    \genblk1[0].mdl   |DFlipFlop_926  |     1|
|103   |    \genblk1[10].mdl  |DFlipFlop_927  |     1|
|104   |    \genblk1[11].mdl  |DFlipFlop_928  |     1|
|105   |    \genblk1[12].mdl  |DFlipFlop_929  |     1|
|106   |    \genblk1[13].mdl  |DFlipFlop_930  |     1|
|107   |    \genblk1[14].mdl  |DFlipFlop_931  |     1|
|108   |    \genblk1[15].mdl  |DFlipFlop_932  |     1|
|109   |    \genblk1[16].mdl  |DFlipFlop_933  |     1|
|110   |    \genblk1[17].mdl  |DFlipFlop_934  |     1|
|111   |    \genblk1[18].mdl  |DFlipFlop_935  |     1|
|112   |    \genblk1[19].mdl  |DFlipFlop_936  |     1|
|113   |    \genblk1[1].mdl   |DFlipFlop_937  |     1|
|114   |    \genblk1[20].mdl  |DFlipFlop_938  |     1|
|115   |    \genblk1[21].mdl  |DFlipFlop_939  |     1|
|116   |    \genblk1[22].mdl  |DFlipFlop_940  |     1|
|117   |    \genblk1[23].mdl  |DFlipFlop_941  |     1|
|118   |    \genblk1[24].mdl  |DFlipFlop_942  |     1|
|119   |    \genblk1[25].mdl  |DFlipFlop_943  |     1|
|120   |    \genblk1[26].mdl  |DFlipFlop_944  |     1|
|121   |    \genblk1[27].mdl  |DFlipFlop_945  |     1|
|122   |    \genblk1[28].mdl  |DFlipFlop_946  |     1|
|123   |    \genblk1[29].mdl  |DFlipFlop_947  |     1|
|124   |    \genblk1[2].mdl   |DFlipFlop_948  |     1|
|125   |    \genblk1[30].mdl  |DFlipFlop_949  |     1|
|126   |    \genblk1[31].mdl  |DFlipFlop_950  |     2|
|127   |    \genblk1[3].mdl   |DFlipFlop_951  |     1|
|128   |    \genblk1[4].mdl   |DFlipFlop_952  |     1|
|129   |    \genblk1[5].mdl   |DFlipFlop_953  |     1|
|130   |    \genblk1[6].mdl   |DFlipFlop_954  |     1|
|131   |    \genblk1[7].mdl   |DFlipFlop_955  |     1|
|132   |    \genblk1[8].mdl   |DFlipFlop_956  |     1|
|133   |    \genblk1[9].mdl   |DFlipFlop_957  |     1|
|134   |  \genblk1[13].regis  |Nreg_3         |    33|
|135   |    \genblk1[0].mdl   |DFlipFlop_894  |     1|
|136   |    \genblk1[10].mdl  |DFlipFlop_895  |     1|
|137   |    \genblk1[11].mdl  |DFlipFlop_896  |     1|
|138   |    \genblk1[12].mdl  |DFlipFlop_897  |     1|
|139   |    \genblk1[13].mdl  |DFlipFlop_898  |     1|
|140   |    \genblk1[14].mdl  |DFlipFlop_899  |     1|
|141   |    \genblk1[15].mdl  |DFlipFlop_900  |     1|
|142   |    \genblk1[16].mdl  |DFlipFlop_901  |     1|
|143   |    \genblk1[17].mdl  |DFlipFlop_902  |     1|
|144   |    \genblk1[18].mdl  |DFlipFlop_903  |     1|
|145   |    \genblk1[19].mdl  |DFlipFlop_904  |     1|
|146   |    \genblk1[1].mdl   |DFlipFlop_905  |     1|
|147   |    \genblk1[20].mdl  |DFlipFlop_906  |     1|
|148   |    \genblk1[21].mdl  |DFlipFlop_907  |     1|
|149   |    \genblk1[22].mdl  |DFlipFlop_908  |     1|
|150   |    \genblk1[23].mdl  |DFlipFlop_909  |     1|
|151   |    \genblk1[24].mdl  |DFlipFlop_910  |     1|
|152   |    \genblk1[25].mdl  |DFlipFlop_911  |     1|
|153   |    \genblk1[26].mdl  |DFlipFlop_912  |     1|
|154   |    \genblk1[27].mdl  |DFlipFlop_913  |     1|
|155   |    \genblk1[28].mdl  |DFlipFlop_914  |     1|
|156   |    \genblk1[29].mdl  |DFlipFlop_915  |     1|
|157   |    \genblk1[2].mdl   |DFlipFlop_916  |     1|
|158   |    \genblk1[30].mdl  |DFlipFlop_917  |     1|
|159   |    \genblk1[31].mdl  |DFlipFlop_918  |     2|
|160   |    \genblk1[3].mdl   |DFlipFlop_919  |     1|
|161   |    \genblk1[4].mdl   |DFlipFlop_920  |     1|
|162   |    \genblk1[5].mdl   |DFlipFlop_921  |     1|
|163   |    \genblk1[6].mdl   |DFlipFlop_922  |     1|
|164   |    \genblk1[7].mdl   |DFlipFlop_923  |     1|
|165   |    \genblk1[8].mdl   |DFlipFlop_924  |     1|
|166   |    \genblk1[9].mdl   |DFlipFlop_925  |     1|
|167   |  \genblk1[14].regis  |Nreg_4         |    33|
|168   |    \genblk1[0].mdl   |DFlipFlop_862  |     1|
|169   |    \genblk1[10].mdl  |DFlipFlop_863  |     1|
|170   |    \genblk1[11].mdl  |DFlipFlop_864  |     1|
|171   |    \genblk1[12].mdl  |DFlipFlop_865  |     1|
|172   |    \genblk1[13].mdl  |DFlipFlop_866  |     1|
|173   |    \genblk1[14].mdl  |DFlipFlop_867  |     1|
|174   |    \genblk1[15].mdl  |DFlipFlop_868  |     1|
|175   |    \genblk1[16].mdl  |DFlipFlop_869  |     1|
|176   |    \genblk1[17].mdl  |DFlipFlop_870  |     1|
|177   |    \genblk1[18].mdl  |DFlipFlop_871  |     1|
|178   |    \genblk1[19].mdl  |DFlipFlop_872  |     1|
|179   |    \genblk1[1].mdl   |DFlipFlop_873  |     1|
|180   |    \genblk1[20].mdl  |DFlipFlop_874  |     1|
|181   |    \genblk1[21].mdl  |DFlipFlop_875  |     1|
|182   |    \genblk1[22].mdl  |DFlipFlop_876  |     1|
|183   |    \genblk1[23].mdl  |DFlipFlop_877  |     1|
|184   |    \genblk1[24].mdl  |DFlipFlop_878  |     1|
|185   |    \genblk1[25].mdl  |DFlipFlop_879  |     1|
|186   |    \genblk1[26].mdl  |DFlipFlop_880  |     1|
|187   |    \genblk1[27].mdl  |DFlipFlop_881  |     1|
|188   |    \genblk1[28].mdl  |DFlipFlop_882  |     1|
|189   |    \genblk1[29].mdl  |DFlipFlop_883  |     1|
|190   |    \genblk1[2].mdl   |DFlipFlop_884  |     1|
|191   |    \genblk1[30].mdl  |DFlipFlop_885  |     1|
|192   |    \genblk1[31].mdl  |DFlipFlop_886  |     2|
|193   |    \genblk1[3].mdl   |DFlipFlop_887  |     1|
|194   |    \genblk1[4].mdl   |DFlipFlop_888  |     1|
|195   |    \genblk1[5].mdl   |DFlipFlop_889  |     1|
|196   |    \genblk1[6].mdl   |DFlipFlop_890  |     1|
|197   |    \genblk1[7].mdl   |DFlipFlop_891  |     1|
|198   |    \genblk1[8].mdl   |DFlipFlop_892  |     1|
|199   |    \genblk1[9].mdl   |DFlipFlop_893  |     1|
|200   |  \genblk1[15].regis  |Nreg_5         |    97|
|201   |    \genblk1[0].mdl   |DFlipFlop_830  |     3|
|202   |    \genblk1[10].mdl  |DFlipFlop_831  |     3|
|203   |    \genblk1[11].mdl  |DFlipFlop_832  |     3|
|204   |    \genblk1[12].mdl  |DFlipFlop_833  |     3|
|205   |    \genblk1[13].mdl  |DFlipFlop_834  |     3|
|206   |    \genblk1[14].mdl  |DFlipFlop_835  |     3|
|207   |    \genblk1[15].mdl  |DFlipFlop_836  |     3|
|208   |    \genblk1[16].mdl  |DFlipFlop_837  |     3|
|209   |    \genblk1[17].mdl  |DFlipFlop_838  |     3|
|210   |    \genblk1[18].mdl  |DFlipFlop_839  |     3|
|211   |    \genblk1[19].mdl  |DFlipFlop_840  |     3|
|212   |    \genblk1[1].mdl   |DFlipFlop_841  |     3|
|213   |    \genblk1[20].mdl  |DFlipFlop_842  |     3|
|214   |    \genblk1[21].mdl  |DFlipFlop_843  |     3|
|215   |    \genblk1[22].mdl  |DFlipFlop_844  |     3|
|216   |    \genblk1[23].mdl  |DFlipFlop_845  |     3|
|217   |    \genblk1[24].mdl  |DFlipFlop_846  |     3|
|218   |    \genblk1[25].mdl  |DFlipFlop_847  |     3|
|219   |    \genblk1[26].mdl  |DFlipFlop_848  |     3|
|220   |    \genblk1[27].mdl  |DFlipFlop_849  |     3|
|221   |    \genblk1[28].mdl  |DFlipFlop_850  |     3|
|222   |    \genblk1[29].mdl  |DFlipFlop_851  |     3|
|223   |    \genblk1[2].mdl   |DFlipFlop_852  |     3|
|224   |    \genblk1[30].mdl  |DFlipFlop_853  |     3|
|225   |    \genblk1[31].mdl  |DFlipFlop_854  |     4|
|226   |    \genblk1[3].mdl   |DFlipFlop_855  |     3|
|227   |    \genblk1[4].mdl   |DFlipFlop_856  |     3|
|228   |    \genblk1[5].mdl   |DFlipFlop_857  |     3|
|229   |    \genblk1[6].mdl   |DFlipFlop_858  |     3|
|230   |    \genblk1[7].mdl   |DFlipFlop_859  |     3|
|231   |    \genblk1[8].mdl   |DFlipFlop_860  |     3|
|232   |    \genblk1[9].mdl   |DFlipFlop_861  |     3|
|233   |  \genblk1[16].regis  |Nreg_6         |    33|
|234   |    \genblk1[0].mdl   |DFlipFlop_798  |     1|
|235   |    \genblk1[10].mdl  |DFlipFlop_799  |     1|
|236   |    \genblk1[11].mdl  |DFlipFlop_800  |     1|
|237   |    \genblk1[12].mdl  |DFlipFlop_801  |     1|
|238   |    \genblk1[13].mdl  |DFlipFlop_802  |     1|
|239   |    \genblk1[14].mdl  |DFlipFlop_803  |     1|
|240   |    \genblk1[15].mdl  |DFlipFlop_804  |     1|
|241   |    \genblk1[16].mdl  |DFlipFlop_805  |     1|
|242   |    \genblk1[17].mdl  |DFlipFlop_806  |     1|
|243   |    \genblk1[18].mdl  |DFlipFlop_807  |     1|
|244   |    \genblk1[19].mdl  |DFlipFlop_808  |     1|
|245   |    \genblk1[1].mdl   |DFlipFlop_809  |     1|
|246   |    \genblk1[20].mdl  |DFlipFlop_810  |     1|
|247   |    \genblk1[21].mdl  |DFlipFlop_811  |     1|
|248   |    \genblk1[22].mdl  |DFlipFlop_812  |     1|
|249   |    \genblk1[23].mdl  |DFlipFlop_813  |     1|
|250   |    \genblk1[24].mdl  |DFlipFlop_814  |     1|
|251   |    \genblk1[25].mdl  |DFlipFlop_815  |     1|
|252   |    \genblk1[26].mdl  |DFlipFlop_816  |     1|
|253   |    \genblk1[27].mdl  |DFlipFlop_817  |     1|
|254   |    \genblk1[28].mdl  |DFlipFlop_818  |     1|
|255   |    \genblk1[29].mdl  |DFlipFlop_819  |     1|
|256   |    \genblk1[2].mdl   |DFlipFlop_820  |     1|
|257   |    \genblk1[30].mdl  |DFlipFlop_821  |     1|
|258   |    \genblk1[31].mdl  |DFlipFlop_822  |     2|
|259   |    \genblk1[3].mdl   |DFlipFlop_823  |     1|
|260   |    \genblk1[4].mdl   |DFlipFlop_824  |     1|
|261   |    \genblk1[5].mdl   |DFlipFlop_825  |     1|
|262   |    \genblk1[6].mdl   |DFlipFlop_826  |     1|
|263   |    \genblk1[7].mdl   |DFlipFlop_827  |     1|
|264   |    \genblk1[8].mdl   |DFlipFlop_828  |     1|
|265   |    \genblk1[9].mdl   |DFlipFlop_829  |     1|
|266   |  \genblk1[17].regis  |Nreg_7         |    33|
|267   |    \genblk1[0].mdl   |DFlipFlop_766  |     1|
|268   |    \genblk1[10].mdl  |DFlipFlop_767  |     1|
|269   |    \genblk1[11].mdl  |DFlipFlop_768  |     1|
|270   |    \genblk1[12].mdl  |DFlipFlop_769  |     1|
|271   |    \genblk1[13].mdl  |DFlipFlop_770  |     1|
|272   |    \genblk1[14].mdl  |DFlipFlop_771  |     1|
|273   |    \genblk1[15].mdl  |DFlipFlop_772  |     1|
|274   |    \genblk1[16].mdl  |DFlipFlop_773  |     1|
|275   |    \genblk1[17].mdl  |DFlipFlop_774  |     1|
|276   |    \genblk1[18].mdl  |DFlipFlop_775  |     1|
|277   |    \genblk1[19].mdl  |DFlipFlop_776  |     1|
|278   |    \genblk1[1].mdl   |DFlipFlop_777  |     1|
|279   |    \genblk1[20].mdl  |DFlipFlop_778  |     1|
|280   |    \genblk1[21].mdl  |DFlipFlop_779  |     1|
|281   |    \genblk1[22].mdl  |DFlipFlop_780  |     1|
|282   |    \genblk1[23].mdl  |DFlipFlop_781  |     1|
|283   |    \genblk1[24].mdl  |DFlipFlop_782  |     1|
|284   |    \genblk1[25].mdl  |DFlipFlop_783  |     1|
|285   |    \genblk1[26].mdl  |DFlipFlop_784  |     1|
|286   |    \genblk1[27].mdl  |DFlipFlop_785  |     1|
|287   |    \genblk1[28].mdl  |DFlipFlop_786  |     1|
|288   |    \genblk1[29].mdl  |DFlipFlop_787  |     1|
|289   |    \genblk1[2].mdl   |DFlipFlop_788  |     1|
|290   |    \genblk1[30].mdl  |DFlipFlop_789  |     1|
|291   |    \genblk1[31].mdl  |DFlipFlop_790  |     2|
|292   |    \genblk1[3].mdl   |DFlipFlop_791  |     1|
|293   |    \genblk1[4].mdl   |DFlipFlop_792  |     1|
|294   |    \genblk1[5].mdl   |DFlipFlop_793  |     1|
|295   |    \genblk1[6].mdl   |DFlipFlop_794  |     1|
|296   |    \genblk1[7].mdl   |DFlipFlop_795  |     1|
|297   |    \genblk1[8].mdl   |DFlipFlop_796  |     1|
|298   |    \genblk1[9].mdl   |DFlipFlop_797  |     1|
|299   |  \genblk1[18].regis  |Nreg_8         |    33|
|300   |    \genblk1[0].mdl   |DFlipFlop_734  |     1|
|301   |    \genblk1[10].mdl  |DFlipFlop_735  |     1|
|302   |    \genblk1[11].mdl  |DFlipFlop_736  |     1|
|303   |    \genblk1[12].mdl  |DFlipFlop_737  |     1|
|304   |    \genblk1[13].mdl  |DFlipFlop_738  |     1|
|305   |    \genblk1[14].mdl  |DFlipFlop_739  |     1|
|306   |    \genblk1[15].mdl  |DFlipFlop_740  |     1|
|307   |    \genblk1[16].mdl  |DFlipFlop_741  |     1|
|308   |    \genblk1[17].mdl  |DFlipFlop_742  |     1|
|309   |    \genblk1[18].mdl  |DFlipFlop_743  |     1|
|310   |    \genblk1[19].mdl  |DFlipFlop_744  |     1|
|311   |    \genblk1[1].mdl   |DFlipFlop_745  |     1|
|312   |    \genblk1[20].mdl  |DFlipFlop_746  |     1|
|313   |    \genblk1[21].mdl  |DFlipFlop_747  |     1|
|314   |    \genblk1[22].mdl  |DFlipFlop_748  |     1|
|315   |    \genblk1[23].mdl  |DFlipFlop_749  |     1|
|316   |    \genblk1[24].mdl  |DFlipFlop_750  |     1|
|317   |    \genblk1[25].mdl  |DFlipFlop_751  |     1|
|318   |    \genblk1[26].mdl  |DFlipFlop_752  |     1|
|319   |    \genblk1[27].mdl  |DFlipFlop_753  |     1|
|320   |    \genblk1[28].mdl  |DFlipFlop_754  |     1|
|321   |    \genblk1[29].mdl  |DFlipFlop_755  |     1|
|322   |    \genblk1[2].mdl   |DFlipFlop_756  |     1|
|323   |    \genblk1[30].mdl  |DFlipFlop_757  |     1|
|324   |    \genblk1[31].mdl  |DFlipFlop_758  |     2|
|325   |    \genblk1[3].mdl   |DFlipFlop_759  |     1|
|326   |    \genblk1[4].mdl   |DFlipFlop_760  |     1|
|327   |    \genblk1[5].mdl   |DFlipFlop_761  |     1|
|328   |    \genblk1[6].mdl   |DFlipFlop_762  |     1|
|329   |    \genblk1[7].mdl   |DFlipFlop_763  |     1|
|330   |    \genblk1[8].mdl   |DFlipFlop_764  |     1|
|331   |    \genblk1[9].mdl   |DFlipFlop_765  |     1|
|332   |  \genblk1[19].regis  |Nreg_9         |   161|
|333   |    \genblk1[0].mdl   |DFlipFlop_702  |     5|
|334   |    \genblk1[10].mdl  |DFlipFlop_703  |     5|
|335   |    \genblk1[11].mdl  |DFlipFlop_704  |     5|
|336   |    \genblk1[12].mdl  |DFlipFlop_705  |     5|
|337   |    \genblk1[13].mdl  |DFlipFlop_706  |     5|
|338   |    \genblk1[14].mdl  |DFlipFlop_707  |     5|
|339   |    \genblk1[15].mdl  |DFlipFlop_708  |     5|
|340   |    \genblk1[16].mdl  |DFlipFlop_709  |     5|
|341   |    \genblk1[17].mdl  |DFlipFlop_710  |     5|
|342   |    \genblk1[18].mdl  |DFlipFlop_711  |     5|
|343   |    \genblk1[19].mdl  |DFlipFlop_712  |     5|
|344   |    \genblk1[1].mdl   |DFlipFlop_713  |     5|
|345   |    \genblk1[20].mdl  |DFlipFlop_714  |     5|
|346   |    \genblk1[21].mdl  |DFlipFlop_715  |     5|
|347   |    \genblk1[22].mdl  |DFlipFlop_716  |     5|
|348   |    \genblk1[23].mdl  |DFlipFlop_717  |     5|
|349   |    \genblk1[24].mdl  |DFlipFlop_718  |     5|
|350   |    \genblk1[25].mdl  |DFlipFlop_719  |     5|
|351   |    \genblk1[26].mdl  |DFlipFlop_720  |     5|
|352   |    \genblk1[27].mdl  |DFlipFlop_721  |     5|
|353   |    \genblk1[28].mdl  |DFlipFlop_722  |     5|
|354   |    \genblk1[29].mdl  |DFlipFlop_723  |     5|
|355   |    \genblk1[2].mdl   |DFlipFlop_724  |     5|
|356   |    \genblk1[30].mdl  |DFlipFlop_725  |     5|
|357   |    \genblk1[31].mdl  |DFlipFlop_726  |     6|
|358   |    \genblk1[3].mdl   |DFlipFlop_727  |     5|
|359   |    \genblk1[4].mdl   |DFlipFlop_728  |     5|
|360   |    \genblk1[5].mdl   |DFlipFlop_729  |     5|
|361   |    \genblk1[6].mdl   |DFlipFlop_730  |     5|
|362   |    \genblk1[7].mdl   |DFlipFlop_731  |     5|
|363   |    \genblk1[8].mdl   |DFlipFlop_732  |     5|
|364   |    \genblk1[9].mdl   |DFlipFlop_733  |     5|
|365   |  \genblk1[1].regis   |Nreg_10        |    33|
|366   |    \genblk1[0].mdl   |DFlipFlop_670  |     1|
|367   |    \genblk1[10].mdl  |DFlipFlop_671  |     1|
|368   |    \genblk1[11].mdl  |DFlipFlop_672  |     1|
|369   |    \genblk1[12].mdl  |DFlipFlop_673  |     1|
|370   |    \genblk1[13].mdl  |DFlipFlop_674  |     1|
|371   |    \genblk1[14].mdl  |DFlipFlop_675  |     1|
|372   |    \genblk1[15].mdl  |DFlipFlop_676  |     1|
|373   |    \genblk1[16].mdl  |DFlipFlop_677  |     1|
|374   |    \genblk1[17].mdl  |DFlipFlop_678  |     1|
|375   |    \genblk1[18].mdl  |DFlipFlop_679  |     1|
|376   |    \genblk1[19].mdl  |DFlipFlop_680  |     1|
|377   |    \genblk1[1].mdl   |DFlipFlop_681  |     1|
|378   |    \genblk1[20].mdl  |DFlipFlop_682  |     1|
|379   |    \genblk1[21].mdl  |DFlipFlop_683  |     1|
|380   |    \genblk1[22].mdl  |DFlipFlop_684  |     1|
|381   |    \genblk1[23].mdl  |DFlipFlop_685  |     1|
|382   |    \genblk1[24].mdl  |DFlipFlop_686  |     1|
|383   |    \genblk1[25].mdl  |DFlipFlop_687  |     1|
|384   |    \genblk1[26].mdl  |DFlipFlop_688  |     1|
|385   |    \genblk1[27].mdl  |DFlipFlop_689  |     1|
|386   |    \genblk1[28].mdl  |DFlipFlop_690  |     1|
|387   |    \genblk1[29].mdl  |DFlipFlop_691  |     1|
|388   |    \genblk1[2].mdl   |DFlipFlop_692  |     1|
|389   |    \genblk1[30].mdl  |DFlipFlop_693  |     1|
|390   |    \genblk1[31].mdl  |DFlipFlop_694  |     2|
|391   |    \genblk1[3].mdl   |DFlipFlop_695  |     1|
|392   |    \genblk1[4].mdl   |DFlipFlop_696  |     1|
|393   |    \genblk1[5].mdl   |DFlipFlop_697  |     1|
|394   |    \genblk1[6].mdl   |DFlipFlop_698  |     1|
|395   |    \genblk1[7].mdl   |DFlipFlop_699  |     1|
|396   |    \genblk1[8].mdl   |DFlipFlop_700  |     1|
|397   |    \genblk1[9].mdl   |DFlipFlop_701  |     1|
|398   |  \genblk1[20].regis  |Nreg_11        |    33|
|399   |    \genblk1[0].mdl   |DFlipFlop_638  |     1|
|400   |    \genblk1[10].mdl  |DFlipFlop_639  |     1|
|401   |    \genblk1[11].mdl  |DFlipFlop_640  |     1|
|402   |    \genblk1[12].mdl  |DFlipFlop_641  |     1|
|403   |    \genblk1[13].mdl  |DFlipFlop_642  |     1|
|404   |    \genblk1[14].mdl  |DFlipFlop_643  |     1|
|405   |    \genblk1[15].mdl  |DFlipFlop_644  |     1|
|406   |    \genblk1[16].mdl  |DFlipFlop_645  |     1|
|407   |    \genblk1[17].mdl  |DFlipFlop_646  |     1|
|408   |    \genblk1[18].mdl  |DFlipFlop_647  |     1|
|409   |    \genblk1[19].mdl  |DFlipFlop_648  |     1|
|410   |    \genblk1[1].mdl   |DFlipFlop_649  |     1|
|411   |    \genblk1[20].mdl  |DFlipFlop_650  |     1|
|412   |    \genblk1[21].mdl  |DFlipFlop_651  |     1|
|413   |    \genblk1[22].mdl  |DFlipFlop_652  |     1|
|414   |    \genblk1[23].mdl  |DFlipFlop_653  |     1|
|415   |    \genblk1[24].mdl  |DFlipFlop_654  |     1|
|416   |    \genblk1[25].mdl  |DFlipFlop_655  |     1|
|417   |    \genblk1[26].mdl  |DFlipFlop_656  |     1|
|418   |    \genblk1[27].mdl  |DFlipFlop_657  |     1|
|419   |    \genblk1[28].mdl  |DFlipFlop_658  |     1|
|420   |    \genblk1[29].mdl  |DFlipFlop_659  |     1|
|421   |    \genblk1[2].mdl   |DFlipFlop_660  |     1|
|422   |    \genblk1[30].mdl  |DFlipFlop_661  |     1|
|423   |    \genblk1[31].mdl  |DFlipFlop_662  |     2|
|424   |    \genblk1[3].mdl   |DFlipFlop_663  |     1|
|425   |    \genblk1[4].mdl   |DFlipFlop_664  |     1|
|426   |    \genblk1[5].mdl   |DFlipFlop_665  |     1|
|427   |    \genblk1[6].mdl   |DFlipFlop_666  |     1|
|428   |    \genblk1[7].mdl   |DFlipFlop_667  |     1|
|429   |    \genblk1[8].mdl   |DFlipFlop_668  |     1|
|430   |    \genblk1[9].mdl   |DFlipFlop_669  |     1|
|431   |  \genblk1[21].regis  |Nreg_12        |    33|
|432   |    \genblk1[0].mdl   |DFlipFlop_606  |     1|
|433   |    \genblk1[10].mdl  |DFlipFlop_607  |     1|
|434   |    \genblk1[11].mdl  |DFlipFlop_608  |     1|
|435   |    \genblk1[12].mdl  |DFlipFlop_609  |     1|
|436   |    \genblk1[13].mdl  |DFlipFlop_610  |     1|
|437   |    \genblk1[14].mdl  |DFlipFlop_611  |     1|
|438   |    \genblk1[15].mdl  |DFlipFlop_612  |     1|
|439   |    \genblk1[16].mdl  |DFlipFlop_613  |     1|
|440   |    \genblk1[17].mdl  |DFlipFlop_614  |     1|
|441   |    \genblk1[18].mdl  |DFlipFlop_615  |     1|
|442   |    \genblk1[19].mdl  |DFlipFlop_616  |     1|
|443   |    \genblk1[1].mdl   |DFlipFlop_617  |     1|
|444   |    \genblk1[20].mdl  |DFlipFlop_618  |     1|
|445   |    \genblk1[21].mdl  |DFlipFlop_619  |     1|
|446   |    \genblk1[22].mdl  |DFlipFlop_620  |     1|
|447   |    \genblk1[23].mdl  |DFlipFlop_621  |     1|
|448   |    \genblk1[24].mdl  |DFlipFlop_622  |     1|
|449   |    \genblk1[25].mdl  |DFlipFlop_623  |     1|
|450   |    \genblk1[26].mdl  |DFlipFlop_624  |     1|
|451   |    \genblk1[27].mdl  |DFlipFlop_625  |     1|
|452   |    \genblk1[28].mdl  |DFlipFlop_626  |     1|
|453   |    \genblk1[29].mdl  |DFlipFlop_627  |     1|
|454   |    \genblk1[2].mdl   |DFlipFlop_628  |     1|
|455   |    \genblk1[30].mdl  |DFlipFlop_629  |     1|
|456   |    \genblk1[31].mdl  |DFlipFlop_630  |     2|
|457   |    \genblk1[3].mdl   |DFlipFlop_631  |     1|
|458   |    \genblk1[4].mdl   |DFlipFlop_632  |     1|
|459   |    \genblk1[5].mdl   |DFlipFlop_633  |     1|
|460   |    \genblk1[6].mdl   |DFlipFlop_634  |     1|
|461   |    \genblk1[7].mdl   |DFlipFlop_635  |     1|
|462   |    \genblk1[8].mdl   |DFlipFlop_636  |     1|
|463   |    \genblk1[9].mdl   |DFlipFlop_637  |     1|
|464   |  \genblk1[22].regis  |Nreg_13        |    33|
|465   |    \genblk1[0].mdl   |DFlipFlop_574  |     1|
|466   |    \genblk1[10].mdl  |DFlipFlop_575  |     1|
|467   |    \genblk1[11].mdl  |DFlipFlop_576  |     1|
|468   |    \genblk1[12].mdl  |DFlipFlop_577  |     1|
|469   |    \genblk1[13].mdl  |DFlipFlop_578  |     1|
|470   |    \genblk1[14].mdl  |DFlipFlop_579  |     1|
|471   |    \genblk1[15].mdl  |DFlipFlop_580  |     1|
|472   |    \genblk1[16].mdl  |DFlipFlop_581  |     1|
|473   |    \genblk1[17].mdl  |DFlipFlop_582  |     1|
|474   |    \genblk1[18].mdl  |DFlipFlop_583  |     1|
|475   |    \genblk1[19].mdl  |DFlipFlop_584  |     1|
|476   |    \genblk1[1].mdl   |DFlipFlop_585  |     1|
|477   |    \genblk1[20].mdl  |DFlipFlop_586  |     1|
|478   |    \genblk1[21].mdl  |DFlipFlop_587  |     1|
|479   |    \genblk1[22].mdl  |DFlipFlop_588  |     1|
|480   |    \genblk1[23].mdl  |DFlipFlop_589  |     1|
|481   |    \genblk1[24].mdl  |DFlipFlop_590  |     1|
|482   |    \genblk1[25].mdl  |DFlipFlop_591  |     1|
|483   |    \genblk1[26].mdl  |DFlipFlop_592  |     1|
|484   |    \genblk1[27].mdl  |DFlipFlop_593  |     1|
|485   |    \genblk1[28].mdl  |DFlipFlop_594  |     1|
|486   |    \genblk1[29].mdl  |DFlipFlop_595  |     1|
|487   |    \genblk1[2].mdl   |DFlipFlop_596  |     1|
|488   |    \genblk1[30].mdl  |DFlipFlop_597  |     1|
|489   |    \genblk1[31].mdl  |DFlipFlop_598  |     2|
|490   |    \genblk1[3].mdl   |DFlipFlop_599  |     1|
|491   |    \genblk1[4].mdl   |DFlipFlop_600  |     1|
|492   |    \genblk1[5].mdl   |DFlipFlop_601  |     1|
|493   |    \genblk1[6].mdl   |DFlipFlop_602  |     1|
|494   |    \genblk1[7].mdl   |DFlipFlop_603  |     1|
|495   |    \genblk1[8].mdl   |DFlipFlop_604  |     1|
|496   |    \genblk1[9].mdl   |DFlipFlop_605  |     1|
|497   |  \genblk1[23].regis  |Nreg_14        |    97|
|498   |    \genblk1[0].mdl   |DFlipFlop_542  |     3|
|499   |    \genblk1[10].mdl  |DFlipFlop_543  |     3|
|500   |    \genblk1[11].mdl  |DFlipFlop_544  |     3|
|501   |    \genblk1[12].mdl  |DFlipFlop_545  |     3|
|502   |    \genblk1[13].mdl  |DFlipFlop_546  |     3|
|503   |    \genblk1[14].mdl  |DFlipFlop_547  |     3|
|504   |    \genblk1[15].mdl  |DFlipFlop_548  |     3|
|505   |    \genblk1[16].mdl  |DFlipFlop_549  |     3|
|506   |    \genblk1[17].mdl  |DFlipFlop_550  |     3|
|507   |    \genblk1[18].mdl  |DFlipFlop_551  |     3|
|508   |    \genblk1[19].mdl  |DFlipFlop_552  |     3|
|509   |    \genblk1[1].mdl   |DFlipFlop_553  |     3|
|510   |    \genblk1[20].mdl  |DFlipFlop_554  |     3|
|511   |    \genblk1[21].mdl  |DFlipFlop_555  |     3|
|512   |    \genblk1[22].mdl  |DFlipFlop_556  |     3|
|513   |    \genblk1[23].mdl  |DFlipFlop_557  |     3|
|514   |    \genblk1[24].mdl  |DFlipFlop_558  |     3|
|515   |    \genblk1[25].mdl  |DFlipFlop_559  |     3|
|516   |    \genblk1[26].mdl  |DFlipFlop_560  |     3|
|517   |    \genblk1[27].mdl  |DFlipFlop_561  |     3|
|518   |    \genblk1[28].mdl  |DFlipFlop_562  |     3|
|519   |    \genblk1[29].mdl  |DFlipFlop_563  |     3|
|520   |    \genblk1[2].mdl   |DFlipFlop_564  |     3|
|521   |    \genblk1[30].mdl  |DFlipFlop_565  |     3|
|522   |    \genblk1[31].mdl  |DFlipFlop_566  |     4|
|523   |    \genblk1[3].mdl   |DFlipFlop_567  |     3|
|524   |    \genblk1[4].mdl   |DFlipFlop_568  |     3|
|525   |    \genblk1[5].mdl   |DFlipFlop_569  |     3|
|526   |    \genblk1[6].mdl   |DFlipFlop_570  |     3|
|527   |    \genblk1[7].mdl   |DFlipFlop_571  |     3|
|528   |    \genblk1[8].mdl   |DFlipFlop_572  |     3|
|529   |    \genblk1[9].mdl   |DFlipFlop_573  |     3|
|530   |  \genblk1[24].regis  |Nreg_15        |    33|
|531   |    \genblk1[0].mdl   |DFlipFlop_510  |     1|
|532   |    \genblk1[10].mdl  |DFlipFlop_511  |     1|
|533   |    \genblk1[11].mdl  |DFlipFlop_512  |     1|
|534   |    \genblk1[12].mdl  |DFlipFlop_513  |     1|
|535   |    \genblk1[13].mdl  |DFlipFlop_514  |     1|
|536   |    \genblk1[14].mdl  |DFlipFlop_515  |     1|
|537   |    \genblk1[15].mdl  |DFlipFlop_516  |     1|
|538   |    \genblk1[16].mdl  |DFlipFlop_517  |     1|
|539   |    \genblk1[17].mdl  |DFlipFlop_518  |     1|
|540   |    \genblk1[18].mdl  |DFlipFlop_519  |     1|
|541   |    \genblk1[19].mdl  |DFlipFlop_520  |     1|
|542   |    \genblk1[1].mdl   |DFlipFlop_521  |     1|
|543   |    \genblk1[20].mdl  |DFlipFlop_522  |     1|
|544   |    \genblk1[21].mdl  |DFlipFlop_523  |     1|
|545   |    \genblk1[22].mdl  |DFlipFlop_524  |     1|
|546   |    \genblk1[23].mdl  |DFlipFlop_525  |     1|
|547   |    \genblk1[24].mdl  |DFlipFlop_526  |     1|
|548   |    \genblk1[25].mdl  |DFlipFlop_527  |     1|
|549   |    \genblk1[26].mdl  |DFlipFlop_528  |     1|
|550   |    \genblk1[27].mdl  |DFlipFlop_529  |     1|
|551   |    \genblk1[28].mdl  |DFlipFlop_530  |     1|
|552   |    \genblk1[29].mdl  |DFlipFlop_531  |     1|
|553   |    \genblk1[2].mdl   |DFlipFlop_532  |     1|
|554   |    \genblk1[30].mdl  |DFlipFlop_533  |     1|
|555   |    \genblk1[31].mdl  |DFlipFlop_534  |     2|
|556   |    \genblk1[3].mdl   |DFlipFlop_535  |     1|
|557   |    \genblk1[4].mdl   |DFlipFlop_536  |     1|
|558   |    \genblk1[5].mdl   |DFlipFlop_537  |     1|
|559   |    \genblk1[6].mdl   |DFlipFlop_538  |     1|
|560   |    \genblk1[7].mdl   |DFlipFlop_539  |     1|
|561   |    \genblk1[8].mdl   |DFlipFlop_540  |     1|
|562   |    \genblk1[9].mdl   |DFlipFlop_541  |     1|
|563   |  \genblk1[25].regis  |Nreg_16        |    33|
|564   |    \genblk1[0].mdl   |DFlipFlop_478  |     1|
|565   |    \genblk1[10].mdl  |DFlipFlop_479  |     1|
|566   |    \genblk1[11].mdl  |DFlipFlop_480  |     1|
|567   |    \genblk1[12].mdl  |DFlipFlop_481  |     1|
|568   |    \genblk1[13].mdl  |DFlipFlop_482  |     1|
|569   |    \genblk1[14].mdl  |DFlipFlop_483  |     1|
|570   |    \genblk1[15].mdl  |DFlipFlop_484  |     1|
|571   |    \genblk1[16].mdl  |DFlipFlop_485  |     1|
|572   |    \genblk1[17].mdl  |DFlipFlop_486  |     1|
|573   |    \genblk1[18].mdl  |DFlipFlop_487  |     1|
|574   |    \genblk1[19].mdl  |DFlipFlop_488  |     1|
|575   |    \genblk1[1].mdl   |DFlipFlop_489  |     1|
|576   |    \genblk1[20].mdl  |DFlipFlop_490  |     1|
|577   |    \genblk1[21].mdl  |DFlipFlop_491  |     1|
|578   |    \genblk1[22].mdl  |DFlipFlop_492  |     1|
|579   |    \genblk1[23].mdl  |DFlipFlop_493  |     1|
|580   |    \genblk1[24].mdl  |DFlipFlop_494  |     1|
|581   |    \genblk1[25].mdl  |DFlipFlop_495  |     1|
|582   |    \genblk1[26].mdl  |DFlipFlop_496  |     1|
|583   |    \genblk1[27].mdl  |DFlipFlop_497  |     1|
|584   |    \genblk1[28].mdl  |DFlipFlop_498  |     1|
|585   |    \genblk1[29].mdl  |DFlipFlop_499  |     1|
|586   |    \genblk1[2].mdl   |DFlipFlop_500  |     1|
|587   |    \genblk1[30].mdl  |DFlipFlop_501  |     1|
|588   |    \genblk1[31].mdl  |DFlipFlop_502  |     2|
|589   |    \genblk1[3].mdl   |DFlipFlop_503  |     1|
|590   |    \genblk1[4].mdl   |DFlipFlop_504  |     1|
|591   |    \genblk1[5].mdl   |DFlipFlop_505  |     1|
|592   |    \genblk1[6].mdl   |DFlipFlop_506  |     1|
|593   |    \genblk1[7].mdl   |DFlipFlop_507  |     1|
|594   |    \genblk1[8].mdl   |DFlipFlop_508  |     1|
|595   |    \genblk1[9].mdl   |DFlipFlop_509  |     1|
|596   |  \genblk1[26].regis  |Nreg_17        |    33|
|597   |    \genblk1[0].mdl   |DFlipFlop_446  |     1|
|598   |    \genblk1[10].mdl  |DFlipFlop_447  |     1|
|599   |    \genblk1[11].mdl  |DFlipFlop_448  |     1|
|600   |    \genblk1[12].mdl  |DFlipFlop_449  |     1|
|601   |    \genblk1[13].mdl  |DFlipFlop_450  |     1|
|602   |    \genblk1[14].mdl  |DFlipFlop_451  |     1|
|603   |    \genblk1[15].mdl  |DFlipFlop_452  |     1|
|604   |    \genblk1[16].mdl  |DFlipFlop_453  |     1|
|605   |    \genblk1[17].mdl  |DFlipFlop_454  |     1|
|606   |    \genblk1[18].mdl  |DFlipFlop_455  |     1|
|607   |    \genblk1[19].mdl  |DFlipFlop_456  |     1|
|608   |    \genblk1[1].mdl   |DFlipFlop_457  |     1|
|609   |    \genblk1[20].mdl  |DFlipFlop_458  |     1|
|610   |    \genblk1[21].mdl  |DFlipFlop_459  |     1|
|611   |    \genblk1[22].mdl  |DFlipFlop_460  |     1|
|612   |    \genblk1[23].mdl  |DFlipFlop_461  |     1|
|613   |    \genblk1[24].mdl  |DFlipFlop_462  |     1|
|614   |    \genblk1[25].mdl  |DFlipFlop_463  |     1|
|615   |    \genblk1[26].mdl  |DFlipFlop_464  |     1|
|616   |    \genblk1[27].mdl  |DFlipFlop_465  |     1|
|617   |    \genblk1[28].mdl  |DFlipFlop_466  |     1|
|618   |    \genblk1[29].mdl  |DFlipFlop_467  |     1|
|619   |    \genblk1[2].mdl   |DFlipFlop_468  |     1|
|620   |    \genblk1[30].mdl  |DFlipFlop_469  |     1|
|621   |    \genblk1[31].mdl  |DFlipFlop_470  |     2|
|622   |    \genblk1[3].mdl   |DFlipFlop_471  |     1|
|623   |    \genblk1[4].mdl   |DFlipFlop_472  |     1|
|624   |    \genblk1[5].mdl   |DFlipFlop_473  |     1|
|625   |    \genblk1[6].mdl   |DFlipFlop_474  |     1|
|626   |    \genblk1[7].mdl   |DFlipFlop_475  |     1|
|627   |    \genblk1[8].mdl   |DFlipFlop_476  |     1|
|628   |    \genblk1[9].mdl   |DFlipFlop_477  |     1|
|629   |  \genblk1[27].regis  |Nreg_18        |   225|
|630   |    \genblk1[0].mdl   |DFlipFlop_414  |     7|
|631   |    \genblk1[10].mdl  |DFlipFlop_415  |     7|
|632   |    \genblk1[11].mdl  |DFlipFlop_416  |     7|
|633   |    \genblk1[12].mdl  |DFlipFlop_417  |     7|
|634   |    \genblk1[13].mdl  |DFlipFlop_418  |     7|
|635   |    \genblk1[14].mdl  |DFlipFlop_419  |     7|
|636   |    \genblk1[15].mdl  |DFlipFlop_420  |     7|
|637   |    \genblk1[16].mdl  |DFlipFlop_421  |     7|
|638   |    \genblk1[17].mdl  |DFlipFlop_422  |     7|
|639   |    \genblk1[18].mdl  |DFlipFlop_423  |     7|
|640   |    \genblk1[19].mdl  |DFlipFlop_424  |     7|
|641   |    \genblk1[1].mdl   |DFlipFlop_425  |     7|
|642   |    \genblk1[20].mdl  |DFlipFlop_426  |     7|
|643   |    \genblk1[21].mdl  |DFlipFlop_427  |     7|
|644   |    \genblk1[22].mdl  |DFlipFlop_428  |     7|
|645   |    \genblk1[23].mdl  |DFlipFlop_429  |     7|
|646   |    \genblk1[24].mdl  |DFlipFlop_430  |     7|
|647   |    \genblk1[25].mdl  |DFlipFlop_431  |     7|
|648   |    \genblk1[26].mdl  |DFlipFlop_432  |     7|
|649   |    \genblk1[27].mdl  |DFlipFlop_433  |     7|
|650   |    \genblk1[28].mdl  |DFlipFlop_434  |     7|
|651   |    \genblk1[29].mdl  |DFlipFlop_435  |     7|
|652   |    \genblk1[2].mdl   |DFlipFlop_436  |     7|
|653   |    \genblk1[30].mdl  |DFlipFlop_437  |     7|
|654   |    \genblk1[31].mdl  |DFlipFlop_438  |     8|
|655   |    \genblk1[3].mdl   |DFlipFlop_439  |     7|
|656   |    \genblk1[4].mdl   |DFlipFlop_440  |     7|
|657   |    \genblk1[5].mdl   |DFlipFlop_441  |     7|
|658   |    \genblk1[6].mdl   |DFlipFlop_442  |     7|
|659   |    \genblk1[7].mdl   |DFlipFlop_443  |     7|
|660   |    \genblk1[8].mdl   |DFlipFlop_444  |     7|
|661   |    \genblk1[9].mdl   |DFlipFlop_445  |     7|
|662   |  \genblk1[28].regis  |Nreg_19        |    33|
|663   |    \genblk1[0].mdl   |DFlipFlop_382  |     1|
|664   |    \genblk1[10].mdl  |DFlipFlop_383  |     1|
|665   |    \genblk1[11].mdl  |DFlipFlop_384  |     1|
|666   |    \genblk1[12].mdl  |DFlipFlop_385  |     1|
|667   |    \genblk1[13].mdl  |DFlipFlop_386  |     1|
|668   |    \genblk1[14].mdl  |DFlipFlop_387  |     1|
|669   |    \genblk1[15].mdl  |DFlipFlop_388  |     1|
|670   |    \genblk1[16].mdl  |DFlipFlop_389  |     1|
|671   |    \genblk1[17].mdl  |DFlipFlop_390  |     1|
|672   |    \genblk1[18].mdl  |DFlipFlop_391  |     1|
|673   |    \genblk1[19].mdl  |DFlipFlop_392  |     1|
|674   |    \genblk1[1].mdl   |DFlipFlop_393  |     1|
|675   |    \genblk1[20].mdl  |DFlipFlop_394  |     1|
|676   |    \genblk1[21].mdl  |DFlipFlop_395  |     1|
|677   |    \genblk1[22].mdl  |DFlipFlop_396  |     1|
|678   |    \genblk1[23].mdl  |DFlipFlop_397  |     1|
|679   |    \genblk1[24].mdl  |DFlipFlop_398  |     1|
|680   |    \genblk1[25].mdl  |DFlipFlop_399  |     1|
|681   |    \genblk1[26].mdl  |DFlipFlop_400  |     1|
|682   |    \genblk1[27].mdl  |DFlipFlop_401  |     1|
|683   |    \genblk1[28].mdl  |DFlipFlop_402  |     1|
|684   |    \genblk1[29].mdl  |DFlipFlop_403  |     1|
|685   |    \genblk1[2].mdl   |DFlipFlop_404  |     1|
|686   |    \genblk1[30].mdl  |DFlipFlop_405  |     1|
|687   |    \genblk1[31].mdl  |DFlipFlop_406  |     2|
|688   |    \genblk1[3].mdl   |DFlipFlop_407  |     1|
|689   |    \genblk1[4].mdl   |DFlipFlop_408  |     1|
|690   |    \genblk1[5].mdl   |DFlipFlop_409  |     1|
|691   |    \genblk1[6].mdl   |DFlipFlop_410  |     1|
|692   |    \genblk1[7].mdl   |DFlipFlop_411  |     1|
|693   |    \genblk1[8].mdl   |DFlipFlop_412  |     1|
|694   |    \genblk1[9].mdl   |DFlipFlop_413  |     1|
|695   |  \genblk1[29].regis  |Nreg_20        |    33|
|696   |    \genblk1[0].mdl   |DFlipFlop_350  |     1|
|697   |    \genblk1[10].mdl  |DFlipFlop_351  |     1|
|698   |    \genblk1[11].mdl  |DFlipFlop_352  |     1|
|699   |    \genblk1[12].mdl  |DFlipFlop_353  |     1|
|700   |    \genblk1[13].mdl  |DFlipFlop_354  |     1|
|701   |    \genblk1[14].mdl  |DFlipFlop_355  |     1|
|702   |    \genblk1[15].mdl  |DFlipFlop_356  |     1|
|703   |    \genblk1[16].mdl  |DFlipFlop_357  |     1|
|704   |    \genblk1[17].mdl  |DFlipFlop_358  |     1|
|705   |    \genblk1[18].mdl  |DFlipFlop_359  |     1|
|706   |    \genblk1[19].mdl  |DFlipFlop_360  |     1|
|707   |    \genblk1[1].mdl   |DFlipFlop_361  |     1|
|708   |    \genblk1[20].mdl  |DFlipFlop_362  |     1|
|709   |    \genblk1[21].mdl  |DFlipFlop_363  |     1|
|710   |    \genblk1[22].mdl  |DFlipFlop_364  |     1|
|711   |    \genblk1[23].mdl  |DFlipFlop_365  |     1|
|712   |    \genblk1[24].mdl  |DFlipFlop_366  |     1|
|713   |    \genblk1[25].mdl  |DFlipFlop_367  |     1|
|714   |    \genblk1[26].mdl  |DFlipFlop_368  |     1|
|715   |    \genblk1[27].mdl  |DFlipFlop_369  |     1|
|716   |    \genblk1[28].mdl  |DFlipFlop_370  |     1|
|717   |    \genblk1[29].mdl  |DFlipFlop_371  |     1|
|718   |    \genblk1[2].mdl   |DFlipFlop_372  |     1|
|719   |    \genblk1[30].mdl  |DFlipFlop_373  |     1|
|720   |    \genblk1[31].mdl  |DFlipFlop_374  |     2|
|721   |    \genblk1[3].mdl   |DFlipFlop_375  |     1|
|722   |    \genblk1[4].mdl   |DFlipFlop_376  |     1|
|723   |    \genblk1[5].mdl   |DFlipFlop_377  |     1|
|724   |    \genblk1[6].mdl   |DFlipFlop_378  |     1|
|725   |    \genblk1[7].mdl   |DFlipFlop_379  |     1|
|726   |    \genblk1[8].mdl   |DFlipFlop_380  |     1|
|727   |    \genblk1[9].mdl   |DFlipFlop_381  |     1|
|728   |  \genblk1[2].regis   |Nreg_21        |    33|
|729   |    \genblk1[0].mdl   |DFlipFlop_318  |     1|
|730   |    \genblk1[10].mdl  |DFlipFlop_319  |     1|
|731   |    \genblk1[11].mdl  |DFlipFlop_320  |     1|
|732   |    \genblk1[12].mdl  |DFlipFlop_321  |     1|
|733   |    \genblk1[13].mdl  |DFlipFlop_322  |     1|
|734   |    \genblk1[14].mdl  |DFlipFlop_323  |     1|
|735   |    \genblk1[15].mdl  |DFlipFlop_324  |     1|
|736   |    \genblk1[16].mdl  |DFlipFlop_325  |     1|
|737   |    \genblk1[17].mdl  |DFlipFlop_326  |     1|
|738   |    \genblk1[18].mdl  |DFlipFlop_327  |     1|
|739   |    \genblk1[19].mdl  |DFlipFlop_328  |     1|
|740   |    \genblk1[1].mdl   |DFlipFlop_329  |     1|
|741   |    \genblk1[20].mdl  |DFlipFlop_330  |     1|
|742   |    \genblk1[21].mdl  |DFlipFlop_331  |     1|
|743   |    \genblk1[22].mdl  |DFlipFlop_332  |     1|
|744   |    \genblk1[23].mdl  |DFlipFlop_333  |     1|
|745   |    \genblk1[24].mdl  |DFlipFlop_334  |     1|
|746   |    \genblk1[25].mdl  |DFlipFlop_335  |     1|
|747   |    \genblk1[26].mdl  |DFlipFlop_336  |     1|
|748   |    \genblk1[27].mdl  |DFlipFlop_337  |     1|
|749   |    \genblk1[28].mdl  |DFlipFlop_338  |     1|
|750   |    \genblk1[29].mdl  |DFlipFlop_339  |     1|
|751   |    \genblk1[2].mdl   |DFlipFlop_340  |     1|
|752   |    \genblk1[30].mdl  |DFlipFlop_341  |     1|
|753   |    \genblk1[31].mdl  |DFlipFlop_342  |     2|
|754   |    \genblk1[3].mdl   |DFlipFlop_343  |     1|
|755   |    \genblk1[4].mdl   |DFlipFlop_344  |     1|
|756   |    \genblk1[5].mdl   |DFlipFlop_345  |     1|
|757   |    \genblk1[6].mdl   |DFlipFlop_346  |     1|
|758   |    \genblk1[7].mdl   |DFlipFlop_347  |     1|
|759   |    \genblk1[8].mdl   |DFlipFlop_348  |     1|
|760   |    \genblk1[9].mdl   |DFlipFlop_349  |     1|
|761   |  \genblk1[30].regis  |Nreg_22        |    33|
|762   |    \genblk1[0].mdl   |DFlipFlop_286  |     1|
|763   |    \genblk1[10].mdl  |DFlipFlop_287  |     1|
|764   |    \genblk1[11].mdl  |DFlipFlop_288  |     1|
|765   |    \genblk1[12].mdl  |DFlipFlop_289  |     1|
|766   |    \genblk1[13].mdl  |DFlipFlop_290  |     1|
|767   |    \genblk1[14].mdl  |DFlipFlop_291  |     1|
|768   |    \genblk1[15].mdl  |DFlipFlop_292  |     1|
|769   |    \genblk1[16].mdl  |DFlipFlop_293  |     1|
|770   |    \genblk1[17].mdl  |DFlipFlop_294  |     1|
|771   |    \genblk1[18].mdl  |DFlipFlop_295  |     1|
|772   |    \genblk1[19].mdl  |DFlipFlop_296  |     1|
|773   |    \genblk1[1].mdl   |DFlipFlop_297  |     1|
|774   |    \genblk1[20].mdl  |DFlipFlop_298  |     1|
|775   |    \genblk1[21].mdl  |DFlipFlop_299  |     1|
|776   |    \genblk1[22].mdl  |DFlipFlop_300  |     1|
|777   |    \genblk1[23].mdl  |DFlipFlop_301  |     1|
|778   |    \genblk1[24].mdl  |DFlipFlop_302  |     1|
|779   |    \genblk1[25].mdl  |DFlipFlop_303  |     1|
|780   |    \genblk1[26].mdl  |DFlipFlop_304  |     1|
|781   |    \genblk1[27].mdl  |DFlipFlop_305  |     1|
|782   |    \genblk1[28].mdl  |DFlipFlop_306  |     1|
|783   |    \genblk1[29].mdl  |DFlipFlop_307  |     1|
|784   |    \genblk1[2].mdl   |DFlipFlop_308  |     1|
|785   |    \genblk1[30].mdl  |DFlipFlop_309  |     1|
|786   |    \genblk1[31].mdl  |DFlipFlop_310  |     2|
|787   |    \genblk1[3].mdl   |DFlipFlop_311  |     1|
|788   |    \genblk1[4].mdl   |DFlipFlop_312  |     1|
|789   |    \genblk1[5].mdl   |DFlipFlop_313  |     1|
|790   |    \genblk1[6].mdl   |DFlipFlop_314  |     1|
|791   |    \genblk1[7].mdl   |DFlipFlop_315  |     1|
|792   |    \genblk1[8].mdl   |DFlipFlop_316  |     1|
|793   |    \genblk1[9].mdl   |DFlipFlop_317  |     1|
|794   |  \genblk1[31].regis  |Nreg_23        |    97|
|795   |    \genblk1[0].mdl   |DFlipFlop_254  |     3|
|796   |    \genblk1[10].mdl  |DFlipFlop_255  |     3|
|797   |    \genblk1[11].mdl  |DFlipFlop_256  |     3|
|798   |    \genblk1[12].mdl  |DFlipFlop_257  |     3|
|799   |    \genblk1[13].mdl  |DFlipFlop_258  |     3|
|800   |    \genblk1[14].mdl  |DFlipFlop_259  |     3|
|801   |    \genblk1[15].mdl  |DFlipFlop_260  |     3|
|802   |    \genblk1[16].mdl  |DFlipFlop_261  |     3|
|803   |    \genblk1[17].mdl  |DFlipFlop_262  |     3|
|804   |    \genblk1[18].mdl  |DFlipFlop_263  |     3|
|805   |    \genblk1[19].mdl  |DFlipFlop_264  |     3|
|806   |    \genblk1[1].mdl   |DFlipFlop_265  |     3|
|807   |    \genblk1[20].mdl  |DFlipFlop_266  |     3|
|808   |    \genblk1[21].mdl  |DFlipFlop_267  |     3|
|809   |    \genblk1[22].mdl  |DFlipFlop_268  |     3|
|810   |    \genblk1[23].mdl  |DFlipFlop_269  |     3|
|811   |    \genblk1[24].mdl  |DFlipFlop_270  |     3|
|812   |    \genblk1[25].mdl  |DFlipFlop_271  |     3|
|813   |    \genblk1[26].mdl  |DFlipFlop_272  |     3|
|814   |    \genblk1[27].mdl  |DFlipFlop_273  |     3|
|815   |    \genblk1[28].mdl  |DFlipFlop_274  |     3|
|816   |    \genblk1[29].mdl  |DFlipFlop_275  |     3|
|817   |    \genblk1[2].mdl   |DFlipFlop_276  |     3|
|818   |    \genblk1[30].mdl  |DFlipFlop_277  |     3|
|819   |    \genblk1[31].mdl  |DFlipFlop_278  |     4|
|820   |    \genblk1[3].mdl   |DFlipFlop_279  |     3|
|821   |    \genblk1[4].mdl   |DFlipFlop_280  |     3|
|822   |    \genblk1[5].mdl   |DFlipFlop_281  |     3|
|823   |    \genblk1[6].mdl   |DFlipFlop_282  |     3|
|824   |    \genblk1[7].mdl   |DFlipFlop_283  |     3|
|825   |    \genblk1[8].mdl   |DFlipFlop_284  |     3|
|826   |    \genblk1[9].mdl   |DFlipFlop_285  |     3|
|827   |  \genblk1[3].regis   |Nreg_24        |   161|
|828   |    \genblk1[0].mdl   |DFlipFlop_222  |     5|
|829   |    \genblk1[10].mdl  |DFlipFlop_223  |     5|
|830   |    \genblk1[11].mdl  |DFlipFlop_224  |     5|
|831   |    \genblk1[12].mdl  |DFlipFlop_225  |     5|
|832   |    \genblk1[13].mdl  |DFlipFlop_226  |     5|
|833   |    \genblk1[14].mdl  |DFlipFlop_227  |     5|
|834   |    \genblk1[15].mdl  |DFlipFlop_228  |     5|
|835   |    \genblk1[16].mdl  |DFlipFlop_229  |     5|
|836   |    \genblk1[17].mdl  |DFlipFlop_230  |     5|
|837   |    \genblk1[18].mdl  |DFlipFlop_231  |     5|
|838   |    \genblk1[19].mdl  |DFlipFlop_232  |     5|
|839   |    \genblk1[1].mdl   |DFlipFlop_233  |     5|
|840   |    \genblk1[20].mdl  |DFlipFlop_234  |     5|
|841   |    \genblk1[21].mdl  |DFlipFlop_235  |     5|
|842   |    \genblk1[22].mdl  |DFlipFlop_236  |     5|
|843   |    \genblk1[23].mdl  |DFlipFlop_237  |     5|
|844   |    \genblk1[24].mdl  |DFlipFlop_238  |     5|
|845   |    \genblk1[25].mdl  |DFlipFlop_239  |     5|
|846   |    \genblk1[26].mdl  |DFlipFlop_240  |     5|
|847   |    \genblk1[27].mdl  |DFlipFlop_241  |     5|
|848   |    \genblk1[28].mdl  |DFlipFlop_242  |     5|
|849   |    \genblk1[29].mdl  |DFlipFlop_243  |     5|
|850   |    \genblk1[2].mdl   |DFlipFlop_244  |     5|
|851   |    \genblk1[30].mdl  |DFlipFlop_245  |     5|
|852   |    \genblk1[31].mdl  |DFlipFlop_246  |     6|
|853   |    \genblk1[3].mdl   |DFlipFlop_247  |     5|
|854   |    \genblk1[4].mdl   |DFlipFlop_248  |     5|
|855   |    \genblk1[5].mdl   |DFlipFlop_249  |     5|
|856   |    \genblk1[6].mdl   |DFlipFlop_250  |     5|
|857   |    \genblk1[7].mdl   |DFlipFlop_251  |     5|
|858   |    \genblk1[8].mdl   |DFlipFlop_252  |     5|
|859   |    \genblk1[9].mdl   |DFlipFlop_253  |     5|
|860   |  \genblk1[4].regis   |Nreg_25        |    33|
|861   |    \genblk1[0].mdl   |DFlipFlop_190  |     1|
|862   |    \genblk1[10].mdl  |DFlipFlop_191  |     1|
|863   |    \genblk1[11].mdl  |DFlipFlop_192  |     1|
|864   |    \genblk1[12].mdl  |DFlipFlop_193  |     1|
|865   |    \genblk1[13].mdl  |DFlipFlop_194  |     1|
|866   |    \genblk1[14].mdl  |DFlipFlop_195  |     1|
|867   |    \genblk1[15].mdl  |DFlipFlop_196  |     1|
|868   |    \genblk1[16].mdl  |DFlipFlop_197  |     1|
|869   |    \genblk1[17].mdl  |DFlipFlop_198  |     1|
|870   |    \genblk1[18].mdl  |DFlipFlop_199  |     1|
|871   |    \genblk1[19].mdl  |DFlipFlop_200  |     1|
|872   |    \genblk1[1].mdl   |DFlipFlop_201  |     1|
|873   |    \genblk1[20].mdl  |DFlipFlop_202  |     1|
|874   |    \genblk1[21].mdl  |DFlipFlop_203  |     1|
|875   |    \genblk1[22].mdl  |DFlipFlop_204  |     1|
|876   |    \genblk1[23].mdl  |DFlipFlop_205  |     1|
|877   |    \genblk1[24].mdl  |DFlipFlop_206  |     1|
|878   |    \genblk1[25].mdl  |DFlipFlop_207  |     1|
|879   |    \genblk1[26].mdl  |DFlipFlop_208  |     1|
|880   |    \genblk1[27].mdl  |DFlipFlop_209  |     1|
|881   |    \genblk1[28].mdl  |DFlipFlop_210  |     1|
|882   |    \genblk1[29].mdl  |DFlipFlop_211  |     1|
|883   |    \genblk1[2].mdl   |DFlipFlop_212  |     1|
|884   |    \genblk1[30].mdl  |DFlipFlop_213  |     1|
|885   |    \genblk1[31].mdl  |DFlipFlop_214  |     2|
|886   |    \genblk1[3].mdl   |DFlipFlop_215  |     1|
|887   |    \genblk1[4].mdl   |DFlipFlop_216  |     1|
|888   |    \genblk1[5].mdl   |DFlipFlop_217  |     1|
|889   |    \genblk1[6].mdl   |DFlipFlop_218  |     1|
|890   |    \genblk1[7].mdl   |DFlipFlop_219  |     1|
|891   |    \genblk1[8].mdl   |DFlipFlop_220  |     1|
|892   |    \genblk1[9].mdl   |DFlipFlop_221  |     1|
|893   |  \genblk1[5].regis   |Nreg_26        |    33|
|894   |    \genblk1[0].mdl   |DFlipFlop_158  |     1|
|895   |    \genblk1[10].mdl  |DFlipFlop_159  |     1|
|896   |    \genblk1[11].mdl  |DFlipFlop_160  |     1|
|897   |    \genblk1[12].mdl  |DFlipFlop_161  |     1|
|898   |    \genblk1[13].mdl  |DFlipFlop_162  |     1|
|899   |    \genblk1[14].mdl  |DFlipFlop_163  |     1|
|900   |    \genblk1[15].mdl  |DFlipFlop_164  |     1|
|901   |    \genblk1[16].mdl  |DFlipFlop_165  |     1|
|902   |    \genblk1[17].mdl  |DFlipFlop_166  |     1|
|903   |    \genblk1[18].mdl  |DFlipFlop_167  |     1|
|904   |    \genblk1[19].mdl  |DFlipFlop_168  |     1|
|905   |    \genblk1[1].mdl   |DFlipFlop_169  |     1|
|906   |    \genblk1[20].mdl  |DFlipFlop_170  |     1|
|907   |    \genblk1[21].mdl  |DFlipFlop_171  |     1|
|908   |    \genblk1[22].mdl  |DFlipFlop_172  |     1|
|909   |    \genblk1[23].mdl  |DFlipFlop_173  |     1|
|910   |    \genblk1[24].mdl  |DFlipFlop_174  |     1|
|911   |    \genblk1[25].mdl  |DFlipFlop_175  |     1|
|912   |    \genblk1[26].mdl  |DFlipFlop_176  |     1|
|913   |    \genblk1[27].mdl  |DFlipFlop_177  |     1|
|914   |    \genblk1[28].mdl  |DFlipFlop_178  |     1|
|915   |    \genblk1[29].mdl  |DFlipFlop_179  |     1|
|916   |    \genblk1[2].mdl   |DFlipFlop_180  |     1|
|917   |    \genblk1[30].mdl  |DFlipFlop_181  |     1|
|918   |    \genblk1[31].mdl  |DFlipFlop_182  |     2|
|919   |    \genblk1[3].mdl   |DFlipFlop_183  |     1|
|920   |    \genblk1[4].mdl   |DFlipFlop_184  |     1|
|921   |    \genblk1[5].mdl   |DFlipFlop_185  |     1|
|922   |    \genblk1[6].mdl   |DFlipFlop_186  |     1|
|923   |    \genblk1[7].mdl   |DFlipFlop_187  |     1|
|924   |    \genblk1[8].mdl   |DFlipFlop_188  |     1|
|925   |    \genblk1[9].mdl   |DFlipFlop_189  |     1|
|926   |  \genblk1[6].regis   |Nreg_27        |    33|
|927   |    \genblk1[0].mdl   |DFlipFlop_126  |     1|
|928   |    \genblk1[10].mdl  |DFlipFlop_127  |     1|
|929   |    \genblk1[11].mdl  |DFlipFlop_128  |     1|
|930   |    \genblk1[12].mdl  |DFlipFlop_129  |     1|
|931   |    \genblk1[13].mdl  |DFlipFlop_130  |     1|
|932   |    \genblk1[14].mdl  |DFlipFlop_131  |     1|
|933   |    \genblk1[15].mdl  |DFlipFlop_132  |     1|
|934   |    \genblk1[16].mdl  |DFlipFlop_133  |     1|
|935   |    \genblk1[17].mdl  |DFlipFlop_134  |     1|
|936   |    \genblk1[18].mdl  |DFlipFlop_135  |     1|
|937   |    \genblk1[19].mdl  |DFlipFlop_136  |     1|
|938   |    \genblk1[1].mdl   |DFlipFlop_137  |     1|
|939   |    \genblk1[20].mdl  |DFlipFlop_138  |     1|
|940   |    \genblk1[21].mdl  |DFlipFlop_139  |     1|
|941   |    \genblk1[22].mdl  |DFlipFlop_140  |     1|
|942   |    \genblk1[23].mdl  |DFlipFlop_141  |     1|
|943   |    \genblk1[24].mdl  |DFlipFlop_142  |     1|
|944   |    \genblk1[25].mdl  |DFlipFlop_143  |     1|
|945   |    \genblk1[26].mdl  |DFlipFlop_144  |     1|
|946   |    \genblk1[27].mdl  |DFlipFlop_145  |     1|
|947   |    \genblk1[28].mdl  |DFlipFlop_146  |     1|
|948   |    \genblk1[29].mdl  |DFlipFlop_147  |     1|
|949   |    \genblk1[2].mdl   |DFlipFlop_148  |     1|
|950   |    \genblk1[30].mdl  |DFlipFlop_149  |     1|
|951   |    \genblk1[31].mdl  |DFlipFlop_150  |     2|
|952   |    \genblk1[3].mdl   |DFlipFlop_151  |     1|
|953   |    \genblk1[4].mdl   |DFlipFlop_152  |     1|
|954   |    \genblk1[5].mdl   |DFlipFlop_153  |     1|
|955   |    \genblk1[6].mdl   |DFlipFlop_154  |     1|
|956   |    \genblk1[7].mdl   |DFlipFlop_155  |     1|
|957   |    \genblk1[8].mdl   |DFlipFlop_156  |     1|
|958   |    \genblk1[9].mdl   |DFlipFlop_157  |     1|
|959   |  \genblk1[7].regis   |Nreg_28        |    97|
|960   |    \genblk1[0].mdl   |DFlipFlop_94   |     3|
|961   |    \genblk1[10].mdl  |DFlipFlop_95   |     3|
|962   |    \genblk1[11].mdl  |DFlipFlop_96   |     3|
|963   |    \genblk1[12].mdl  |DFlipFlop_97   |     3|
|964   |    \genblk1[13].mdl  |DFlipFlop_98   |     3|
|965   |    \genblk1[14].mdl  |DFlipFlop_99   |     3|
|966   |    \genblk1[15].mdl  |DFlipFlop_100  |     3|
|967   |    \genblk1[16].mdl  |DFlipFlop_101  |     3|
|968   |    \genblk1[17].mdl  |DFlipFlop_102  |     3|
|969   |    \genblk1[18].mdl  |DFlipFlop_103  |     3|
|970   |    \genblk1[19].mdl  |DFlipFlop_104  |     3|
|971   |    \genblk1[1].mdl   |DFlipFlop_105  |     3|
|972   |    \genblk1[20].mdl  |DFlipFlop_106  |     3|
|973   |    \genblk1[21].mdl  |DFlipFlop_107  |     3|
|974   |    \genblk1[22].mdl  |DFlipFlop_108  |     3|
|975   |    \genblk1[23].mdl  |DFlipFlop_109  |     3|
|976   |    \genblk1[24].mdl  |DFlipFlop_110  |     3|
|977   |    \genblk1[25].mdl  |DFlipFlop_111  |     3|
|978   |    \genblk1[26].mdl  |DFlipFlop_112  |     3|
|979   |    \genblk1[27].mdl  |DFlipFlop_113  |     3|
|980   |    \genblk1[28].mdl  |DFlipFlop_114  |     3|
|981   |    \genblk1[29].mdl  |DFlipFlop_115  |     3|
|982   |    \genblk1[2].mdl   |DFlipFlop_116  |     3|
|983   |    \genblk1[30].mdl  |DFlipFlop_117  |     3|
|984   |    \genblk1[31].mdl  |DFlipFlop_118  |     4|
|985   |    \genblk1[3].mdl   |DFlipFlop_119  |     3|
|986   |    \genblk1[4].mdl   |DFlipFlop_120  |     3|
|987   |    \genblk1[5].mdl   |DFlipFlop_121  |     3|
|988   |    \genblk1[6].mdl   |DFlipFlop_122  |     3|
|989   |    \genblk1[7].mdl   |DFlipFlop_123  |     3|
|990   |    \genblk1[8].mdl   |DFlipFlop_124  |     3|
|991   |    \genblk1[9].mdl   |DFlipFlop_125  |     3|
|992   |  \genblk1[8].regis   |Nreg_29        |    33|
|993   |    \genblk1[0].mdl   |DFlipFlop_62   |     1|
|994   |    \genblk1[10].mdl  |DFlipFlop_63   |     1|
|995   |    \genblk1[11].mdl  |DFlipFlop_64   |     1|
|996   |    \genblk1[12].mdl  |DFlipFlop_65   |     1|
|997   |    \genblk1[13].mdl  |DFlipFlop_66   |     1|
|998   |    \genblk1[14].mdl  |DFlipFlop_67   |     1|
|999   |    \genblk1[15].mdl  |DFlipFlop_68   |     1|
|1000  |    \genblk1[16].mdl  |DFlipFlop_69   |     1|
|1001  |    \genblk1[17].mdl  |DFlipFlop_70   |     1|
|1002  |    \genblk1[18].mdl  |DFlipFlop_71   |     1|
|1003  |    \genblk1[19].mdl  |DFlipFlop_72   |     1|
|1004  |    \genblk1[1].mdl   |DFlipFlop_73   |     1|
|1005  |    \genblk1[20].mdl  |DFlipFlop_74   |     1|
|1006  |    \genblk1[21].mdl  |DFlipFlop_75   |     1|
|1007  |    \genblk1[22].mdl  |DFlipFlop_76   |     1|
|1008  |    \genblk1[23].mdl  |DFlipFlop_77   |     1|
|1009  |    \genblk1[24].mdl  |DFlipFlop_78   |     1|
|1010  |    \genblk1[25].mdl  |DFlipFlop_79   |     1|
|1011  |    \genblk1[26].mdl  |DFlipFlop_80   |     1|
|1012  |    \genblk1[27].mdl  |DFlipFlop_81   |     1|
|1013  |    \genblk1[28].mdl  |DFlipFlop_82   |     1|
|1014  |    \genblk1[29].mdl  |DFlipFlop_83   |     1|
|1015  |    \genblk1[2].mdl   |DFlipFlop_84   |     1|
|1016  |    \genblk1[30].mdl  |DFlipFlop_85   |     1|
|1017  |    \genblk1[31].mdl  |DFlipFlop_86   |     2|
|1018  |    \genblk1[3].mdl   |DFlipFlop_87   |     1|
|1019  |    \genblk1[4].mdl   |DFlipFlop_88   |     1|
|1020  |    \genblk1[5].mdl   |DFlipFlop_89   |     1|
|1021  |    \genblk1[6].mdl   |DFlipFlop_90   |     1|
|1022  |    \genblk1[7].mdl   |DFlipFlop_91   |     1|
|1023  |    \genblk1[8].mdl   |DFlipFlop_92   |     1|
|1024  |    \genblk1[9].mdl   |DFlipFlop_93   |     1|
|1025  |  \genblk1[9].regis   |Nreg_30        |    33|
|1026  |    \genblk1[0].mdl   |DFlipFlop      |     1|
|1027  |    \genblk1[10].mdl  |DFlipFlop_31   |     1|
|1028  |    \genblk1[11].mdl  |DFlipFlop_32   |     1|
|1029  |    \genblk1[12].mdl  |DFlipFlop_33   |     1|
|1030  |    \genblk1[13].mdl  |DFlipFlop_34   |     1|
|1031  |    \genblk1[14].mdl  |DFlipFlop_35   |     1|
|1032  |    \genblk1[15].mdl  |DFlipFlop_36   |     1|
|1033  |    \genblk1[16].mdl  |DFlipFlop_37   |     1|
|1034  |    \genblk1[17].mdl  |DFlipFlop_38   |     1|
|1035  |    \genblk1[18].mdl  |DFlipFlop_39   |     1|
|1036  |    \genblk1[19].mdl  |DFlipFlop_40   |     1|
|1037  |    \genblk1[1].mdl   |DFlipFlop_41   |     1|
|1038  |    \genblk1[20].mdl  |DFlipFlop_42   |     1|
|1039  |    \genblk1[21].mdl  |DFlipFlop_43   |     1|
|1040  |    \genblk1[22].mdl  |DFlipFlop_44   |     1|
|1041  |    \genblk1[23].mdl  |DFlipFlop_45   |     1|
|1042  |    \genblk1[24].mdl  |DFlipFlop_46   |     1|
|1043  |    \genblk1[25].mdl  |DFlipFlop_47   |     1|
|1044  |    \genblk1[26].mdl  |DFlipFlop_48   |     1|
|1045  |    \genblk1[27].mdl  |DFlipFlop_49   |     1|
|1046  |    \genblk1[28].mdl  |DFlipFlop_50   |     1|
|1047  |    \genblk1[29].mdl  |DFlipFlop_51   |     1|
|1048  |    \genblk1[2].mdl   |DFlipFlop_52   |     1|
|1049  |    \genblk1[30].mdl  |DFlipFlop_53   |     1|
|1050  |    \genblk1[31].mdl  |DFlipFlop_54   |     2|
|1051  |    \genblk1[3].mdl   |DFlipFlop_55   |     1|
|1052  |    \genblk1[4].mdl   |DFlipFlop_56   |     1|
|1053  |    \genblk1[5].mdl   |DFlipFlop_57   |     1|
|1054  |    \genblk1[6].mdl   |DFlipFlop_58   |     1|
|1055  |    \genblk1[7].mdl   |DFlipFlop_59   |     1|
|1056  |    \genblk1[8].mdl   |DFlipFlop_60   |     1|
|1057  |    \genblk1[9].mdl   |DFlipFlop_61   |     1|
+------+----------------------+---------------+------+
---------------------------------------------------------------------------------
Finished Writing Synthesis Report : Time (s): cpu = 00:00:19 ; elapsed = 00:00:20 . Memory (MB): peak = 1283.965 ; gain = 0.000
---------------------------------------------------------------------------------
Synthesis finished with 0 errors, 0 critical warnings and 1 warnings.
Synthesis Optimization Runtime : Time (s): cpu = 00:00:19 ; elapsed = 00:00:20 . Memory (MB): peak = 1283.965 ; gain = 0.000
Synthesis Optimization Complete : Time (s): cpu = 00:00:19 ; elapsed = 00:00:20 . Memory (MB): peak = 1283.965 ; gain = 0.000
INFO: [Project 1-571] Translating synthesized netlist
Netlist sorting complete. Time (s): cpu = 00:00:00 ; elapsed = 00:00:00.047 . Memory (MB): peak = 1283.965 ; gain = 0.000
INFO: [Netlist 29-17] Analyzing 256 Unisim elements for replacement
INFO: [Netlist 29-28] Unisim Transformation completed in 0 CPU seconds
INFO: [Project 1-570] Preparing netlist for logic optimization
INFO: [Opt 31-138] Pushed 0 inverter(s) to 0 load pin(s).
Netlist sorting complete. Time (s): cpu = 00:00:00 ; elapsed = 00:00:00.002 . Memory (MB): peak = 1283.965 ; gain = 0.000
INFO: [Project 1-111] Unisim Transformation Summary:
No Unisim elements were transformed.

Synth Design complete, checksum: 627d3b6e
INFO: [Common 17-83] Releasing license: Synthesis
18 Infos, 1 Warnings, 0 Critical Warnings and 0 Errors encountered.
synth_design completed successfully
synth_design: Time (s): cpu = 00:00:22 ; elapsed = 00:00:23 . Memory (MB): peak = 1283.965 ; gain = 0.000
INFO: [Common 17-1381] The checkpoint 'C:/Users/mokhtarsalem/RISCVporcessor/RISCVporcessor.runs/synth_1/RegFile.dcp' has been generated.
INFO: [runtcl-4] Executing : report_utilization -file RegFile_utilization_synth.rpt -pb RegFile_utilization_synth.pb
INFO: [Common 17-206] Exiting Vivado at Tue Mar  7 10:27:38 2023...
